Jingle
Vier Langobarden-Könige und ein Trinkbecher
Tatortschau mit Wiedererkennungswert
Fitness-Parcours für den Pharao
Wellingtons Rache, oder: Ein Bein für ein Königreich
Lernen Sie Geschichte!
Ada und die Pferdewetten
Geteilte Habsburger
Herr der Fliegen
Wer den englischen Parlamentsbrand auf dem Kerbholz hat
Craigslist in der Frühen Neuzeit
Von Kindern und Kegeln
Ein Kaiser, ein Gott, viele Todesfälle
Ein Spionagefall erschüttert die Habsburger Monarchie
Ein englisches Atlantis
Das Mailüfterl
Ton, Steine, Scherben oder wie Rom sich einen achten Hügel baute
Eine Urkunde, ein Zeltlager und eine Fälschung
Wie Russland den Bart verlor
Wenn ein Wissenschaftler an Drachen glaubt
Von Drachenknochen und Schildkrötenorakeln
Von der Erfindung der Einbauküche
Vom Goldjungen zum Staatsgefangenen
Ziemlich beste Feindschaft oder Die Anfänge der Bakteriologie
A French Connection, zum Scheitern verurteilt
Eine kaiserliche Bibliothek des Menschengeschlechts
Wie der Champagner zu seinen Bläschen kam
Die Rote Zora und ihre Vorfahren
Von Appenzellern, Bregenzern und einer Frau namens Guta
Ein Müller in den Fängen der Inquisition
Wie die Zeit zu unserer Zeit wurde
Blitzkrieg im Fußballstadion
Henry Gunther
Curta – eine Rechenmaschine und ihre Geschichte
Tee, Silber und Rauschmittel
Magia Posthuma – Vampirismus in Zeiten der Aufklärung
Eine sehr kurze Geschichte des Deodorants
Eine Reise um die Welt
Eine kurze Geschichte der Leibeigenschaft
Die Legion Erzengel Michael und Corneliu Codreanu
Über den Ursprung der Seidenstraße
Der Wiener Kreis und die Ermordung von Moritz Schlick
The City of Roses – Ein Rosengarten für Portland
Josef Eisemann, Seiltänzer in Wien
Eine kurze Geschichte der Süßigkeiten
Zwentendorf – Das sicherste Kernkraftwerk der Welt
Aufstieg und Fall der Republik Ragusa
Die Schwabenkinder und ihre Geschichte
George Ansons katastrophale Expedition – und ihre Folgen
Der »Dig Tree« und die erste Durchquerung Australiens
Ossian, ein altgälisches Epos wie keines davor
Eine kurze Geschichte der Rhythmologie und der Erforschung des Herzens
Die Geschichte der Annie Londonderry, „New Woman“ und Fahrradweltreisende
Ein Verrat und ein langer Strich auf der Berliner Mauer
Die erste Rektorin einer deutschen Universität
Der letzte Kammerdiener des alten Kaisers
Piggly Wiggly und die Geschichte des Supermarkts
Von Grabtüchern, Knochen und wieder mal Venedig
Londoner Kutschenstreit
The Lost Colony
Wie das Essengehen erfunden wurde
Die niederländische „Tulpenmanie“ (und warum sie gar nicht so schlimm war)
Eine kurze Geschichte der Rollschuhe und des Rollschuhfahrens
Konstantin und die Janitscharen
Paul Dirac und die Schönheit der Mathematik
Die Erfindung des diamantenen Verlobungsrings
Der Aufstieg Hamburgs – Fake it 'til you make it
Palladio, der erfolgreichste Architekt aller Zeiten
Eine ganz kleine Geschichte der Mikroskopie
Die Boston Melasse Katastrophe
Die Würzburger Lügensteine
Wie die Kartoffel nach Europa kam (und alles veränderte)
Phantominseln
Ludwig XIV. und seine pikante Operation
Die Bonnot-Bande und die Erfindung des Fluchtautos
Sobhuza II., König von Swaziland
Holdouts – Japans vergessene Soldaten
Der Augsburger Kalenderstreit: Folgen eines tatsächlichen Zeitsprungs
Eine kurze Geschichte der Sommerzeit
Das Rolandslied – über Heldentaten, Karl den Großen und Kreuzzugspropaganda
Eine Kirche auf dem Dachboden – Reformation und das Goldene Zeitalter in den Niederlanden
Eine kurze Geschichte des Essbestecks (aber ohne Löffel)
Victor Gruen und die Erfindung des Einkaufszentrums
100 Jahre vor der Reformation – Jan Hus und die Hussitenkriege
Eine kleine Geschichte des Klimas und des Klimawandels
Ein Arm, ein Hai, ein Kriminalfall
Sabbatai Zwi – Der falsche Messias
Die Einführung von Freigeld und das Wunder von Wörgl
Von der Tanzwut und ihrer (wahrscheinlichen) Ursache
Seelenkonskription – die Anfänge der modernen Volkszählungen
Aufstieg und Fall des Roger Casement
Jan van Eyck – Der König unter den Malern und die Erfindung des Gemäldes
Die Geschichte der Typhoid Mary
Das Geheimnis des Lebens – Wie es zur Entdeckung der Doppelhelix kam
Wer zittert nicht vor den Mohocks?
Der Aufstieg des Jakob Fugger
Von der Entstehung des Croissants und anderen kulinarischen Mythen
Neutral-Moresnet – Ein Niemandsland mitten in Europa
Über Schoßhunde und gierige Affen
Ignaz Semmelweis und die Bekämpfung des Kindbettfiebers
Der Fall der „Mignonette“ und seine Folgen
Leon Theremin – Was die Anfänge der elektronischen Musik mit Überwachungstechniken zu tun haben
Ein Picknick, das die Welt verändert
Demoskopie – eine kurze Geschichte der (politischen) Meinungsforschung
Crécy - Chronik eines Versagens
Skanderbeg – Ein neuer Alexander und seine Bedeutung für die Geschichte Albaniens
Das Darién-Projekt und seine Folgen
Eine kurze Geschichte der Guillotine
Der Paderborner Kaffeelärm
Der Lotterieaufstand in Albanien
110, 112, 999 etc.
Die Anfänge des Esperanto
Adele Spitzeder und die „Dachauer Bank“
Die Hep-Hep-Unruhen von 1819
Gerhard Zucker und sein Raketentraum
Eine kurze Geschichte der Hanse
Über Basken, Wale und ein Massaker auf Island
Tunix, Tuwat und die Entstehung des Chaos Computer Clubs
Ein Werwolf in Livland
Die NS-Thingbewegung – Thingstätten und Thingspiele
Die Rückkehr des Martin Guerre
Leopardenmorde und Leopardenmenschen
Die Belagerung von Masada
Christian Gottlieb Prieber – Aussteiger, Renegade und beinahe vergessener Utopist
Eine kleine Geschichte des Chinese Restaurant Syndroms
Republik Fredonia
Für immer im Eis – die Franklin-Expedition
Struensee – Aufstieg und Fall eines Arztes, der (für kurze Zeit) zum dänischen Regenten wurde
Crash at Crush
Die Entdeckung der Dinosaurier
Alexander von Abonuteichos oder Wie ein Kult entsteht
Strathclyde – ein (fast) vergessenes Königreich
Gesche Gottfried, der Engel von Bremen
Alexios Komnenos und der Erste Kreuzzug
Eine kleine Geschichte des Kaiserschnitts anhand der Personen Jacob Nufer, James Barry und Margret Ann Bulkley
Adolf Loos
Der Jüdische Friedhof Währing
Extra Extra: Die gesamte Führung durch den Jüdischen Friedhof Währing
Die Französisch-Britische Union
Askari und die Kolonialgeschichte des Deutschen Reichs
Extra Extra: Interview mit Historiker Jürgen Zimmerer über Kolonialgeschichte
Als Voltaire die Lotterie knackte und steinreich wurde
Eisbrecher für die Diplomatie – das Fußball-Länderspiel Sowjetunion gegen die BRD 1955
Die kurze Geschichte des Kokovorismus
Bertha Pappenheim – Gründerin des Jüdischen Frauenbundes und Sozialpionierin
Über Marsmenschen, Massenpanik und die Entstehung eines Mythos
Die Spanische Grippe
Barbara von Cilli oder Wie eine 100 mal wiederholte Lüge zur Wahrheit wird
Tripel-Allianz-Krieg
Das Fräulein vom Amt
Das Ende der Welt – Friedenskaiser und falsche Friedriche
Die Kabeljaukriege
Die Geschichte des Filmstudios Bendestorf
Manjirō, der erste Japaner in Amerika
Ernest Shackleton und die Endurance-Expedition
Extra Extra: Interview mit Walfried Malleskat vom Filmmuseum Bendestorf
Wien-Tour mit Thomas Harbich (#WienFakt)
La Maupin, die duellierende Opernsängerin
Trofim Lyssenko und der Lyssenkoismus in der Sowjetunion
Charles Lindbergh, Alexis Carrel und die Mensch-Maschine
Salpeter – Aufstieg und Fall einer chemischen Verbindung
Al-Biruni und die erste Globalgeschichte
Thorsten Logge über Geschichte und Public History
Barbareskenstaaten und die europäischen Seemächte
Steamboat Arabia oder Der Schatz im Maisfeld
Novemberrevolution und die mehrfache Ausrufung der Republik
Vernepator Cur - der Hund im Hamsterrad
Extra Extra: Dirk Liesemer über den Aufstand der Matrosen und den Beginn der Revolution
Eine kurze Geschichte des Alkoholkonsums
Pius IX. und die kurzlebige Römische Republik von 1849
Siegmund Bosel – die wechselvolle Geschichte eines Inflationskönigs
Mary Toft und die Hasen
Extra Extra: Das Kinderbischofsfest
Carl Laemmle und die Anfänge Hollywoods
Maos Großer Sprung und die chinesische Hungersnot von 1958–62
Auf Schatzsuche
Eine ganz kleine Geschichte der Nacht und des Schlafs
Eine kurze Geschichte der Armut in der Frühen Neuzeit
Der gefährliche Garten von Vaux-le-Vicomte
Harriet Tubman und die Underground Railroad
C.W. Field und das erste Kabel durch den Atlantik
Die Anfänge des Anarchismus und was Uhrmacher in der Schweiz damit zu tun haben
Robert Fortune, Botaniker und Teespion
Extra Extra: Margiana – ein Interview mit Rainer-Maria Weiss, Direktor des Archäologischen Museums in Hamburg
Der Klosterskandal von Sant’Ambrogio
Maria Sibylla Merian – Naturforscherin und Künstlerin
Die Gelbe Flotte – ein Schiffskonvoi zwischen den Fronten
Von Gulasch, Pörkölt und Nationalgerichten
Der Zündholzkönig Ivar Kreuger
Agrippina die Jüngere, mächtigste Frau der frühen Kaiserzeit
Extra Extra: Dr. Emma Southon on Agrippina the Younger
Katharina Kepler – ein Hexenprozess in der Frühen Neuzeit
Extra Extra: Revolution 1918/19 in Bayern
Kleindeutschland und die General Slocum Katastrophe
Die Redlichen Pioniere von Rochdale und eine kurze Geschichte der Genossenschaften
Die Wiener Weltausstellung von 1873
Martin Couney und die Inkubator-Ausstellungen
Die Schlacht bei Cannae
Die Assassinen
Aethelfled - Warrior Queen of Mercia
Tiere vor Gericht
Kanton Übrig – Wie Vorarlberg 1919 nicht der Schweiz beitrat
Die Natchez und der französische Kolonialismus in Nordamerika
Wie Gerta Stern auf der Flucht nach Panama ihren Mann aus dem KZ befreite
Wie der Panamakanal entstand
Das kurzlebige Königreich Finnland – und ein deutscher Adliger auf dem Thron
Olga von Kiew oder Mit den Spatzen kam der Tod
UC 71 und der U-Boot-Krieg im Ersten Weltkrieg
Eine Abrechnung
Eine kleine Geschichte des Speiseeises
Über Brunzdoktoren und Uroskopie – die Harnschau in der vormodernen Medizin
Bleiben oder gehen? Die Option in Südtirol 1939
Obaysch - das viktorianische Nilpferd
Die Befreiung von Schloss Itter
Von Verliesen & Drachen - ein 3W6 Crossover
William Stewart Halsted und die Chirurgie des 19. Jahrhunderts
Die kleinste Liga der Welt – Eishockey in der DDR
Extra Extra: Interview mit René Feldvoß über Eishockey in der DDR
Cyriacus und die Erfindung der Archäologie
Der Kunstfälscher Han van Meegeren
Griechisches Feuer
Eine kleine Geschichte der Sternbilder
Tom Morris und eine kleine Geschichte des Golfsports
Hedy Lamarr – Hollywoodstar und Erfinderin
Wojtek, polnischer Soldatenbär
Napoleon II. – Vom König von Rom zum Herzog von Reichstadt
Wie Joseph Haydn den Kopf verlor
Die Pazzi-Verschwörung und der Aufstieg der Medici
Die Kotze-Affäre
Eine kurze Geschichte der Rohrpost
Hans Staden - ein Landsknecht bei den Menschenfressern
Das Voynich-Manuskript
Ramen und die Transformation Japans
Die Balmis-Expedition und eine kurze Geschichte der Pockenimpfung
Die Rundfahrt der Schlachtfelder
Der Untergang der Batavia
Die unsterbliche Henrietta Lacks
Berliner Blau – die Erfindung einer Farbe
Elisabeth Báthory, die (angebliche) Blutgräfin
Die Tendaguru-Expedition und das größte Dinosaurierskelett der Welt
Die Große Enttäuschung von 1844
Ein Mordfall und das umfangreichste Wörterbuch der englischen Sprache
Norton I., Kaiser der USA
Das bekannteste Parfüm der Welt und seine russische Vorgeschichte
Die Quarzkrise
Monopoly – Die Geschichte eines Brettspiels
Friedrich Anton Mesmer und der Animalische Magnetismus
Kurze Geschichten ausgestorbener Berufe
Die Zabern-Affäre
René Blondlot und die Entdeckung der N-Strahlen
General Königsmarck und der größte Kunstraub aller Zeiten
Eine kurze Geschichte der Olympischen Spiele (der Neuzeit)
Aeneas Coffey und eine kleine Geschichte des irischen Whiskeys
Die Mühle von Auriol und warum ihre Zerstörung eine Besetzung Frankreichs verhindert hat
Operation Paul Bunyan
John Law und die Mississippi-Blase
Der Emu-Krieg von 1932
Der Venustransit von 1761/69 und das erste wissenschaftliche Großprojekt
Das Malireich und die Pilgerreise des vielleicht reichsten Mannes der Geschichte
Eine kurze Geschichte der Bluttransfusion
Der Schachtürke
Harvard Computers – Wie Astronominnen die Sterne neu sortierten
Martin Frobisher und die Steine
Eine kurze Geschichte des Kautschuks
Die 47 Ronin
Der Rütlischwur und die Anfänge der Schweizerischen Eidgenossenschaft
Alexander von Humboldt – Bugtales.FM Crossover
Der Andrews Raid - Eine Lokomotive auf Abwegen
Operation Mincemeat – Eine Geheimdienstaktion während des Zweiten Weltkriegs
Der Rattenfänger von Hameln
Adam Worth, der Napoleon des Verbrechens
Die Strawhat Riots
Lavoisier und die Entdeckung des Sauerstoffs
Extra Krankenbetten und Dauerbäder: Ein Geschichten-Extra mit Monika Ankele über Psychiatriegeschichte
Seondeok, erste Königin Koreas
Syphilis und die Tuskegee-Syphilis-Studie
Die Schlacht von Azincourt
Die Leichensynode von 897
Die Gebrüder Kellogg und die Erfindung des Frühstücks
Monika Ertl und ein Mord im Generalkonsulat
Eine thüringische Katastrophe
Caroline Neuber und der Hanswurststreit
Am Ende der Welt - Napoleons letzte Jahre im Exil
Der Alchemist und Goldmacher Franz Tausend
Das Petzvalobjektiv
Victor Lustig – Der Mann, der den Eiffelturm verkaufte
Aufruhr am Sankt-Scholastika-Tag
277
Von göttlichen Robotern und feuerspeienden Bullen
Muskat und Manhattan
Der versunkene Kontinent Lemuria
Der Putschversuch vom 23. Februar 1981
Fredegund, Brunhild und der merowingische Bruderkrieg
Lola Montez
„There is death in the pot“ - Friedrich Accum und die Lebensmittelfälscher
Joseph Petrosino und die Black Hand
Die verschwundenen Seefrauen Islands
Eine kurze Geschichte des Ballonfahrens und Fallschirmspringens
Der Senat, der über Leichen ging
Extra Extra: Dr. Emma Southon on murder in ancient Rome
Ein Kreuzzug, der einen ungeahnten Verlauf nahm
Der Angriff der Leichten Brigade
Ein erfolgreicher Kampf gegen die Kolonialisierung
Paul Grüninger
Als in Europa Menschen ausgestellt wurden
Erwin Kreuz
Die Verwandlung des Axolotls
Jeanne la Flamme und der bretonische Erbfolgekrieg
Die Revolutionärin und (fast) vergessene Pionierin der Frauenbewegung – Mathilde Franziska Anneke
Die Grüne Fee und der Absinthismus
Wie Basketball von James Naismith erfunden wurde
Der vorläufige Höhepunkt
Mary Seacole
Sealand und die Gründung einer Mikronation
Brunelleschi und die Kathedrale von Florenz
Der Falschgeldbetrug von Alves dos Reis
Der Piltdown-Mensch
Motoren, Krieg und Inflation – Aufstieg und Fall des Unternehmers Camillo Castiglioni
Njinga, Königin von Ndongo und Matamba
Eine kurze Geschichte des Urlaubs und Reisens
Die Bestie des Gévaudan
Arbeitskampf, Streik und das Leben der Gewerkschaftspionierin Paula Thiede
Der Imjin-Krieg
Der beste aller Ritter – das Leben von Guillaume le Maréchal
Die Geschwister Herschel
Eine kurze Geschichte der Cholera
Der Mehlkrieg von 1775
Die Shakespeare-Unruhen
Roger Tichborne – die wundersame Rückkehr des Sohnes
Der Nuklearunfall von Goiânia
Ashoka der Große
In 72 Tagen um die Welt – Journalistin Nellie Bly
Aufstieg und möglicher Fall der Banane
Portugal und der Seeweg nach Indien
Die Republik Ezo und das Ende des Shogunats
Mit dem Ballon zum Nordpol – Andrées Polarexpedition von 1897
Der Große Smog von 1952
Ausgestorbene und außergewöhnliche Berufe
Das große Geburtenrennen von Toronto
P. T. Barnum und die größte Show der Welt
Wie der Wolf zum Hund wurde
Zum Tode verurteilt – Catharina Linck alias Anastasius Lagrantinus Rosenstengel
Wie Tetris die Welt eroberte
Wie Gregor MacGregor ein Land verkaufte, das es gar nicht gab
Alexandria
Rachel Carson und der stumme Frühling
Aqua Tofana und die Giftmischerinnen des 17. Jahrhunderts
George Smith und die Entdeckung des Gilgamesch-Epos
Über Hummer, Kaviar und wie das Loch in den Donut kam
Eine neue Gesellschaft – Frühsozialist Robert Owen
Der Vocoder
Tauben, die Raketen steuern und Kybernetik
Der Exorzismus der Marthe Brossier
Das Stockholmer Blutbad
Phoebus und die geplante Obsoleszenz
Der Artischockenkrieg
FGAG Atlantropa
Suffrajitsu
Die längste Hängebrücke der Welt
Adrianopel 378
Der Anschlag auf die Mosel
Konstantin Phaulkon im Königreich Ayutthaya
Der Bauernkrieg und die Revolution von 1525
Die Erfindung des Saxophons - Aufstieg und Fall des Adolphe Sax
Wallace und das Rennen um die Evolutionstheorie
FGAG Mord auf Ex
Wallada
Die Halsbandaffäre
Der Englische Schweiß
Das DeLorean-Drama
Mary Kingsley
FGAG Erwin Kreuz – ein Update
Philipp Reis und die Erfindung des Telefons
Eine kleine Geschichte des Schachspiels
Unglück am Matterhorn
Gustave Trouvé – der vergessene Erfinder
FGAG Reinhard und das Reis-Telefon
Bayerns letzte Kurfürstin
Duke Kahanamoku
Mord und Madrigale – Carlo Gesualdo
The Ghost Army
Das Attentat von Anagni
FGAG Duke in Paris, Jazzualdo und die Ghost Army
Untergang und Comeback der VASA
Wie das Jod ins Salz kam
Der Struwwelpeter
Der Kodex des Archimedes
FGAG Egostory, Schwesterschiff und ein Freispruch für die Gletscher
Galla Placidia
Wie das Roulette eine Null verlor
Morocco und der Kluge Hans
Ludwik Fleck und das Fleckfieber
FGAG Bibi & Tina, Casinos in Macau und noch mehr Schiffe in Maisfeldern
Sofia Kowalewskaja, „Königin der Wissenschaft“
Nagelmackers und der Orient-Express
Aufstieg und Fall des Templerordens
Ein langer Marsch durch Feindesland
Theodor von Neuhoff – König von Korsika
Das Maß aller Dinge
FGAG In der Stratosphäre
Mau Piailug und die Besiedelung des Pazifiks
Der erste Film
Bletchley Park
Flaschenpost und die Erforschung der Ozeane
Delmonico’s und der erste Starkoch der USA
Der Wettlauf zum Nordpol
Nurhaci und die Entstehung der Mandschu
FGAG Theodor von Neuhoff, Verwirrungen im metrischen System und warum Bletchley Park den Krieg verkürzte
Marie Tussaud und die Wachsfiguren
Spieglein, Spieglein an der Wand
Kleopatra Selene und das Ende der Römischen Republik
Celia Cooney, die Banditin mit der Kurzhaarfrisur
Phosphor und der Streik der Streichholzarbeiterinnen
Die Schlacht von Zama
Die Verurteilung von Sacco und Vanzetti
Barbe-Nicole Ponsardin und die Begründung eines Champagnerimperiums
Helene Kottannerin und der Raub der Stephanskrone
Hy Brasil
Der Goldene Brief
John Brown und sein gescheiterter Sklavenaufstand
GAG X Anno Mundi – Anicia Juliana
Amerika und die Weltkarte von Waldseemüller
Die Vegetarian Society und die Begründung des modernen Vegetarismus
Maxentius – Der letzte Kaiser in Rom
Not Found
Bonifatius, Apostel der Deutschen
Die SMS Wolf und die Piraten des Kaisers
Das katastrophale Ende einer Kolonie
Das kurze und tragische Leben des Évariste Galois
Pferdefotos und ein Mord
FGAG Die Rückkehr, eine Ankündigung und ein Interview
Lady Six Sky und eine kurze Geschichte der Maya
Der Untergang der Thomas W. Lawson
Samuel Pepys und das außergewöhnlichste Tagebuch des 17. Jahrhunderts
Paracelsus – Arzt und Alchemist
Ibn Fadlān und die Reise zur Wolga
Polarpionier Fridtjof Nansen
Wie das Münzgeld entstand
Auf der Suche nach den Quellen des Nils
FGAG Samuel Pepys, Lady Six Sky und Daniel singt
Das älteste Gewürz der Welt
Therese von Thurn und Taxis und das Ende der Reichspost
Harry Anslinger und der erste „War on Drugs“
Playfair und die Erfindung des Balkendiagramms
Eine kleine Geschichte der Parapsychologie
Der Sohn Gottes Hong Xiuquan und sein Aufstand gegen das imperiale China
Die Erfindung der Briefmarke
Shampooing und die vier Leben des Dean Mahomet
Die erste Regisseurin – Alice Guy
Das Große Erdbeben von Lissabon
Der Fälscher Konstantinos Simonides
Der Eimerkrieg
Gefangene und Königin – Johanna I. von Kastilien
FGAG Viel Post, viel Feedback, viel Freude
Auguste Escoffier, Kaiser der Köche
Ein bitteres Heilmittel
Der Schinderhannes
Ein willkommener Mörder
Die Schlacht bei Carrhae
Die Jagd nach Eldorado
FGAGPost aus der Antarktis, Korrekturen zum Deutsch-Französischen Krieg und vieles mehr
Die holprige Karriere des Reißverschlusses
Die Pinkerton-Detektei
Kyros II. und die Entstehung eines Mythos
Eine Giraffe für den König
Jemima Nicholas und die Schlacht von Fishguard
Eine kurze Geschichte des Fahrrads
J.S. Bach oder Wie sich ein Komponist den Lebensunterhalt verdient
Die Erfindung von Heroin und Aspirin
Alexandra David-Néel
FGAGÜber Knopflöcher, Propaganda im frühen Perserreich und zu hohe Fahrräder
Ein Duft aus Köln
Christina, Hans und Heinrich oder Wie ein Gemälde entsteht
Die Phenol-Verschwörung
Die Wiederentdeckung der Moriori
Tudor und der Eishandel
Eine kleine Geschichte der verlorenen Bücher
Der erste Mensch im All
FGAGDer GAG-Effekt
Pemmikan und der Pelzhandel in Nordamerika
